\BOOKMARK [1][-]{section.1}{\376\377\000I\000n\000t\000r\000o\000d\000u\000c\000t\000i\000o\000n}{}% 1
\BOOKMARK [1][-]{section.2}{\376\377\000M\000e\000t\000h\000o\000d}{}% 2
\BOOKMARK [2][-]{subsection.2.1}{\376\377\000E\000s\000t\000i\000m\000a\000n\000d}{section.2}% 3
\BOOKMARK [2][-]{subsection.2.2}{\376\377\000E\000s\000t\000i\000m\000a\000t\000i\000o\000n}{section.2}% 4
\BOOKMARK [2][-]{subsection.2.3}{\376\377\000R\000e\000l\000a\000t\000i\000o\000n\000s\000h\000i\000p\000\040\000t\000o\000\040\000C\000l\000a\000s\000s\000i\000c\000a\000l\000\040\000A\000v\000e\000r\000a\000g\000e\000\040\000M\000a\000r\000g\000i\000n\000a\000l\000\040\000E\000f\000f\000e\000c\000t\000s}{section.2}% 5
\BOOKMARK [2][-]{subsection.2.4}{\376\377\000I\000n\000f\000e\000r\000e\000n\000c\000e}{section.2}% 6
\BOOKMARK [1][-]{section.3}{\376\377\000A\000s\000y\000m\000p\000t\000o\000t\000i\000c\000\040\000T\000h\000e\000o\000r\000y}{}% 7
\BOOKMARK [2][-]{subsection.3.1}{\376\377\000O\000v\000e\000r\000v\000i\000e\000w}{section.3}% 8
\BOOKMARK [2][-]{subsection.3.2}{\376\377\000N\000o\000t\000a\000t\000i\000o\000n\000\040\000a\000n\000d\000\040\000P\000r\000e\000l\000i\000m\000i\000n\000a\000r\000i\000e\000s}{section.3}% 9
\BOOKMARK [2][-]{subsection.3.3}{\376\377\000C\000o\000r\000e\000\040\000L\000e\000m\000m\000a\000s}{section.3}% 10
\BOOKMARK [2][-]{subsection.3.4}{\376\377\000M\000a\000i\000n\000\040\000T\000h\000e\000o\000r\000e\000m\000s}{section.3}% 11
\BOOKMARK [2][-]{subsection.3.5}{\376\377\000C\000o\000r\000o\000l\000l\000a\000r\000i\000e\000s\000\040\000o\000n\000\040\000B\000o\000o\000t\000s\000t\000r\000a\000p\000\040\000V\000a\000l\000i\000d\000i\000t\000y}{section.3}% 12
\BOOKMARK [1][-]{section.4}{\376\377\000E\000m\000p\000i\000r\000i\000c\000a\000l\000\040\000E\000x\000a\000m\000p\000l\000e\000s}{}% 13
\BOOKMARK [2][-]{subsection.4.1}{\376\377\000U\000C\000I\000\040\000A\000d\000u\000l\000t\000\040\000I\000n\000c\000o\000m\000e}{section.4}% 14
\BOOKMARK [2][-]{subsection.4.2}{\376\377\000U\000C\000I\000\040\000C\000r\000e\000d\000i\000t\000\040\000D\000e\000f\000a\000u\000l\000t}{section.4}% 15
\BOOKMARK [2][-]{subsection.4.3}{\376\377\000A\000m\000e\000s\000\040\000H\000o\000u\000s\000i\000n\000g}{section.4}% 16
\BOOKMARK [1][-]{section.5}{\376\377\000S\000i\000m\000u\000l\000a\000t\000i\000o\000n}{}% 17
\BOOKMARK [1][-]{section.6}{\376\377\000C\000o\000n\000c\000l\000u\000s\000i\000o\000n}{}% 18
\BOOKMARK [1][-]{section.A}{\376\377\000P\000r\000o\000o\000f\000\040\000o\000f\000\040\000T\000h\000e\000o\000r\000e\000m\000\040\0003\000.\0007\000\040\000\050\000N\000e\000u\000r\000a\000l\000\040\000N\000e\000t\000w\000o\000r\000k\000s\000\051}{}% 19
\BOOKMARK [2][-]{subsection.A.1}{\376\377\000S\000e\000t\000u\000p\000\040\000a\000n\000d\000\040\000N\000o\000t\000a\000t\000i\000o\000n}{section.A}% 20
\BOOKMARK [2][-]{subsection.A.2}{\376\377\000S\000t\000e\000p\000\040\0001\000:\000\040\000U\000n\000i\000f\000o\000r\000m\000\040\000W\0002\000,\000p\000\040\000B\000o\000u\000n\000d\000e\000d\000n\000e\000s\000s}{section.A}% 21
\BOOKMARK [2][-]{subsection.A.3}{\376\377\000S\000t\000e\000p\000\040\0002\000:\000\040\000A\000p\000p\000l\000y\000i\000n\000g\000\040\000L\000e\000m\000m\000a\000\040\0003\000.\0004}{section.A}% 22
\BOOKMARK [1][-]{section.B}{\376\377\000P\000r\000o\000o\000f\000\040\000o\000f\000\040\000T\000h\000e\000o\000r\000e\000m\000\040\0003\000.\0009\000\040\000\050\000G\000r\000a\000d\000i\000e\000n\000t\000\040\000B\000o\000o\000s\000t\000i\000n\000g\000\051}{}% 23
\BOOKMARK [2][-]{subsection.B.1}{\376\377\000S\000e\000t\000u\000p}{section.B}% 24
\BOOKMARK [2][-]{subsection.B.2}{\376\377\000C\000a\000s\000e\000\040\000\050\000i\000\051\000:\000\040\000S\000m\000o\000o\000t\000h\000\040\000B\000a\000s\000e\000\040\000L\000e\000a\000r\000n\000e\000r\000s}{section.B}% 25
\BOOKMARK [2][-]{subsection.B.3}{\376\377\000C\000a\000s\000e\000\040\000\050\000i\000i\000\051\000:\000\040\000T\000r\000e\000e\000\040\000S\000t\000u\000m\000p\000\040\000B\000a\000s\000e\000\040\000L\000e\000a\000r\000n\000e\000r\000s}{section.B}% 26
\BOOKMARK [1][-]{section.C}{\376\377\000P\000r\000o\000o\000f\000\040\000o\000f\000\040\000T\000h\000e\000o\000r\000e\000m\000\040\0003\000.\0001\0000\000\040\000\050\000R\000a\000n\000d\000o\000m\000\040\000F\000o\000r\000e\000s\000t\000s\000\051}{}% 27
\BOOKMARK [2][-]{subsection.C.1}{\376\377\000S\000e\000t\000u\000p}{section.C}% 28
\BOOKMARK [2][-]{subsection.C.2}{\376\377\000S\000t\000e\000p\000\040\0001\000:\000\040\000E\000a\000c\000h\000\040\000T\000r\000e\000e\000\040\000i\000s\000\040\000i\000n\000\040\000B\000V}{section.C}% 29
\BOOKMARK [2][-]{subsection.C.3}{\376\377\000S\000t\000e\000p\000\040\0002\000:\000\040\000U\000n\000i\000f\000o\000r\000m\000\040\000B\000V\000\040\000B\000o\000u\000n\000d\000e\000d\000n\000e\000s\000s}{section.C}% 30
\BOOKMARK [2][-]{subsection.C.4}{\376\377\000S\000t\000e\000p\000\040\0003\000:\000\040\000A\000p\000p\000l\000y\000\040\000L\000e\000m\000m\000a\000\040\0003\000.\0006}{section.C}% 31
\BOOKMARK [1][-]{section.D}{\376\377\000P\000r\000o\000o\000f\000\040\000o\000f\000\040\000L\000e\000m\000m\000a\000\040\0003\000.\0003\000\040\000\050\000D\000e\000r\000i\000v\000a\000t\000i\000v\000e\000\040\000E\000x\000i\000s\000t\000e\000n\000c\000e\000,\000\040\000S\000o\000b\000o\000l\000e\000v\000\051}{}% 32
\BOOKMARK [2][-]{subsection.D.1}{\376\377\000W\000h\000a\000t\000\040\000N\000e\000e\000d\000s\000\040\000t\000o\000\040\000B\000e\000\040\000S\000h\000o\000w\000n}{section.D}% 33
\BOOKMARK [2][-]{subsection.D.2}{\376\377\000S\000t\000e\000p\000\040\0001\000:\000\040\000E\000x\000i\000s\000t\000e\000n\000c\000e\000\040\000o\000f\000\040\000W\000e\000a\000k\000\040\000G\000r\000a\000d\000i\000e\000n\000t}{section.D}% 34
\BOOKMARK [2][-]{subsection.D.3}{\376\377\000S\000t\000e\000p\000\040\0002\000:\000\040\000N\000o\000r\000m\000\040\000B\000o\000u\000n\000d}{section.D}% 35
\BOOKMARK [1][-]{section.E}{\376\377\000P\000r\000o\000o\000f\000\040\000o\000f\000\040\000L\000e\000m\000m\000a\000\040\0003\000.\0004\000\040\000\050\000D\000e\000r\000i\000v\000a\000t\000i\000v\000e\000\040\000C\000o\000n\000s\000i\000s\000t\000e\000n\000c\000y\000,\000\040\000S\000o\000b\000o\000l\000e\000v\000\051}{}% 36
\BOOKMARK [2][-]{subsection.E.1}{\376\377\000W\000h\000a\000t\000\040\000N\000e\000e\000d\000s\000\040\000t\000o\000\040\000B\000e\000\040\000S\000h\000o\000w\000n}{section.E}% 37
\BOOKMARK [2][-]{subsection.E.2}{\376\377\000S\000t\000e\000p\000\040\0001\000:\000\040\000E\000x\000t\000r\000a\000c\000t\000\040\000a\000\040\000S\000t\000r\000o\000n\000g\000l\000y\000\040\000C\000o\000n\000v\000e\000r\000g\000e\000n\000t\000\040\000S\000u\000b\000s\000e\000q\000u\000e\000n\000c\000e}{section.E}% 38
\BOOKMARK [2][-]{subsection.E.3}{\376\377\000S\000t\000e\000p\000\040\0002\000:\000\040\000I\000d\000e\000n\000t\000i\000f\000y\000\040\000t\000h\000e\000\040\000L\000i\000m\000i\000t}{section.E}% 39
\BOOKMARK [2][-]{subsection.E.4}{\376\377\000S\000t\000e\000p\000\040\0003\000:\000\040\000E\000x\000t\000r\000a\000c\000t\000\040\000G\000r\000a\000d\000i\000e\000n\000t\000\040\000C\000o\000n\000v\000e\000r\000g\000e\000n\000c\000e}{section.E}% 40
\BOOKMARK [1][-]{section.F}{\376\377\000P\000r\000o\000o\000f\000\040\000o\000f\000\040\000L\000e\000m\000m\000a\000\040\0003\000.\0005\000\040\000\050\000D\000e\000r\000i\000v\000a\000t\000i\000v\000e\000\040\000E\000x\000i\000s\000t\000e\000n\000c\000e\000,\000\040\000B\000V\000\051}{}% 41
\BOOKMARK [2][-]{subsection.F.1}{\376\377\000W\000h\000a\000t\000\040\000N\000e\000e\000d\000s\000\040\000t\000o\000\040\000B\000e\000\040\000S\000h\000o\000w\000n}{section.F}% 42
\BOOKMARK [2][-]{subsection.F.2}{\376\377\000S\000t\000e\000p\000\040\0001\000:\000\040\000E\000x\000i\000s\000t\000e\000n\000c\000e\000\040\000b\000y\000\040\000D\000e\000f\000i\000n\000i\000t\000i\000o\000n}{section.F}% 43
\BOOKMARK [2][-]{subsection.F.3}{\376\377\000S\000t\000e\000p\000\040\0002\000:\000\040\000E\000x\000p\000l\000i\000c\000i\000t\000\040\000F\000o\000r\000m\000u\000l\000a\000\040\000f\000o\000r\000\040\000P\000i\000e\000c\000e\000w\000i\000s\000e\000\040\000C\000o\000n\000s\000t\000a\000n\000t\000\040\000F\000u\000n\000c\000t\000i\000o\000n\000s}{section.F}% 44
\BOOKMARK [1][-]{section.G}{\376\377\000P\000r\000o\000o\000f\000\040\000o\000f\000\040\000L\000e\000m\000m\000a\000\040\0003\000.\0006\000\040\000\050\000D\000e\000r\000i\000v\000a\000t\000i\000v\000e\000\040\000C\000o\000n\000s\000i\000s\000t\000e\000n\000c\000y\000,\000\040\000B\000V\000\051}{}% 45
\BOOKMARK [2][-]{subsection.G.1}{\376\377\000W\000h\000a\000t\000\040\000N\000e\000e\000d\000s\000\040\000t\000o\000\040\000B\000e\000\040\000S\000h\000o\000w\000n}{section.G}% 46
\BOOKMARK [2][-]{subsection.G.2}{\376\377\000P\000a\000r\000t\000\040\000I\000:\000\040\000W\000e\000a\000k\000-\000*\000\040\000C\000o\000n\000v\000e\000r\000g\000e\000n\000c\000e}{section.G}% 47
\BOOKMARK [2][-]{subsection.G.3}{\376\377\000P\000a\000r\000t\000\040\000I\000I\000:\000\040\000S\000t\000r\000i\000c\000t\000\040\000C\000o\000n\000v\000e\000r\000g\000e\000n\000c\000e\000\040\000U\000p\000g\000r\000a\000d\000e}{section.G}% 48
